[2021-12-28 16:37:05,886] [743] [MainThread] [INFO] (monailabel.endpoints.activelearning:42) - Active Learning Request: {'strategy': 'random', 'client_id': 'user-xyz'}
[2021-12-28 16:37:05,886] [743] [MainThread] [INFO] (monailabel.tasks.activelearning.random:44) - Random: Images: ['806_13_rec', '158-38__rec', '152-28__rec', '152-24__rec', '152-35__rec', 'skull_160_5__rec', '801-27__rec', '152-51__rec', '806-30__rec', '157-33__rec']; Weight: [71840, 1640709425, 1640709425, 1640709425, 1640709425, 1640709425, 1640709425, 1640709425, 1640709425, 1640709425]
[2021-12-28 16:37:05,887] [743] [MainThread] [INFO] (monailabel.tasks.activelearning.random:45) - Random: Selected Image: 152-35__rec
[2021-12-28 16:37:05,887] [743] [MainThread] [INFO] (monailabel.utils.async_tasks.task:36) - Scoring request: {'method': 'dice'}
[2021-12-28 16:37:05,887] [743] [MainThread] [INFO] (monailabel.utils.async_tasks.task:36) - Scoring request: {'method': 'sum'}
[2021-12-28 16:37:05,888] [743] [ThreadPoolExecutor-2_0] [INFO] (monailabel.utils.async_tasks.utils:57) - COMMAND:: /opt/conda/bin/python -m monailabel.interfaces.utils.app -m scoring -r {"method":"dice","gpus":"all"}
[2021-12-28 16:37:05,933] [743] [MainThread] [INFO] (monailabel.endpoints.activelearning:58) - Next sample: {'id': '152-35__rec', 'ts': 1640637523, 'checksum': 'SHA256:666420ca74b92378019f891e8ab9f21aedf23b05e550fcf31a4f02b34cb523e6', 'name': '152-35__rec.nii.gz', 'path': '/workspace/LM/152-35__rec.nii.gz'}
[2021-12-28 16:37:12,317] [743] [MainThread] [INFO] (monailabel.endpoints.infer:147) - Infer Request: {'model': 'deepedit_seg', 'image': '152-35__rec', 'client_id': 'user-xyz'}
[2021-12-28 16:37:12,317] [743] [MainThread] [INFO] (monailabel.interfaces.app:224) - Image => /workspace/LM/152-35__rec.nii.gz
[2021-12-28 16:37:12,317] [743] [MainThread] [INFO] (monailabel.interfaces.tasks.infer:218) - Infer Request (final): {'model': 'deepedit_seg', 'image': '/workspace/LM/152-35__rec.nii.gz', 'client_id': 'user-xyz'}
[2021-12-28 16:37:12,318] [743] [MainThread] [INFO] (monailabel.interfaces.utils.transform:61) - PRE - Run Transform
[2021-12-28 16:37:12,318] [743] [MainThread] [INFO] (monailabel.interfaces.utils.transform:62) - PRE - Input Keys: dict_keys(['model', 'image', 'client_id', 'image_path'])
[2021-12-28 16:37:14,131] [743] [ThreadPoolExecutor-2_0] [INFO] (monailabel.utils.async_tasks.utils:75) - Return code: 0
[2021-12-28 16:37:14,131] [743] [ThreadPoolExecutor-2_0] [INFO] (monailabel.utils.async_tasks.utils:57) - COMMAND:: /opt/conda/bin/python -m monailabel.interfaces.utils.app -m scoring -r {"method":"sum","gpus":"all"}
[2021-12-28 16:37:14,984] [743] [MainThread] [INFO] (monailabel.interfaces.utils.transform:98) - PRE - Transform (LoadImaged): Time: 2.6654; image: (176, 176, 176)(float32)
[2021-12-28 16:37:14,985] [743] [MainThread] [INFO] (monailabel.interfaces.utils.transform:98) - PRE - Transform (AddChanneld): Time: 0.0000; image: (1, 176, 176, 176)(float32)
[2021-12-28 16:37:14,998] [743] [MainThread] [INFO] (monailabel.interfaces.utils.transform:98) - PRE - Transform (Orientationd): Time: 0.0129; image: (1, 176, 176, 176)(float32)
[2021-12-28 16:37:15,012] [743] [MainThread] [INFO] (monailabel.interfaces.utils.transform:98) - PRE - Transform (ScaleIntensityRanged): Time: 0.0143; image: (1, 176, 176, 176)(float32)
[2021-12-28 16:37:15,050] [743] [MainThread] [INFO] (monailabel.interfaces.utils.transform:98) - PRE - Transform (Resized): Time: 0.0373; image: (1, 128, 128, 128)(float32)
[2021-12-28 16:37:15,156] [743] [MainThread] [INFO] (monailabel.interfaces.utils.transform:98) - PRE - Transform (DiscardAddGuidanced): Time: 0.1059; image: (57, 128, 128, 128)(float32)
[2021-12-28 16:37:15,156] [743] [MainThread] [INFO] (monailabel.interfaces.utils.transform:98) - PRE - Transform (ToTensord): Time: 0.0001; image: torch.Size([57, 128, 128, 128])(torch.float32)
[2021-12-28 16:37:15,156] [743] [MainThread] [INFO] (monailabel.interfaces.tasks.infer:341) - Running Inferer:: SimpleInferer
[2021-12-28 16:37:15,156] [743] [MainThread] [INFO] (monailabel.interfaces.tasks.infer:294) - Infer model path: /workspace/apps/landmark/model/model_dynunet.pt
[2021-12-28 16:37:21,222] [743] [MainThread] [INFO] (monailabel.interfaces.utils.transform:61) - INV - Run Transform
[2021-12-28 16:37:21,223] [743] [MainThread] [INFO] (monailabel.interfaces.utils.transform:62) - INV - Input Keys: dict_keys(['model', 'image', 'client_id', 'image_path', 'image_meta_dict', 'image_transforms', 'pred'])
[2021-12-28 16:37:21,608] [743] [MainThread] [INFO] (monailabel.interfaces.utils.transform:98) - INV - Transform (ToTensord): Time: 0.3849; image: (56, 128, 128, 128)(float32); pred: torch.Size([56, 128, 128, 128])(torch.float32)
[2021-12-28 16:37:22,412] [743] [MainThread] [INFO] (monailabel.interfaces.utils.transform:98) - INV - Transform (Resized): Time: 0.8023; image: (56, 176, 176, 176)(float32); pred: torch.Size([56, 128, 128, 128])(torch.float32)
[2021-12-28 16:37:22,922] [743] [MainThread] [INFO] (monailabel.interfaces.utils.transform:98) - INV - Transform (Orientationd): Time: 0.5096; image: (56, 176, 176, 176)(float32); pred: torch.Size([56, 128, 128, 128])(torch.float32)
[2021-12-28 16:37:22,925] [743] [MainThread] [INFO] (monailabel.interfaces.utils.transform:61) - POST - Run Transform
[2021-12-28 16:37:22,925] [743] [MainThread] [INFO] (monailabel.interfaces.utils.transform:62) - POST - Input Keys: dict_keys(['model', 'image', 'client_id', 'image_path', 'image_meta_dict', 'image_transforms', 'pred'])
[2021-12-28 16:37:22,926] [743] [MainThread] [INFO] (monailabel.interfaces.utils.transform:98) - POST - Transform (ToTensord): Time: 0.0001; image: torch.Size([57, 128, 128, 128])(torch.float32); pred: torch.Size([56, 176, 176, 176])(torch.float32)
[2021-12-28 16:37:23,189] [743] [MainThread] [INFO] (monailabel.interfaces.utils.transform:98) - POST - Transform (Activationsd): Time: 0.2634; image: torch.Size([57, 128, 128, 128])(torch.float32); pred: torch.Size([56, 176, 176, 176])(torch.float32)
[2021-12-28 16:37:24,699] [743] [MainThread] [INFO] (monailabel.interfaces.utils.transform:98) - POST - Transform (AsDiscreted): Time: 1.5099; image: torch.Size([57, 128, 128, 128])(torch.float32); pred: torch.Size([1, 176, 176, 176])(torch.float32)
[2021-12-28 16:37:24,700] [743] [MainThread] [INFO] (monailabel.interfaces.utils.transform:98) - POST - Transform (SqueezeDimd): Time: 0.0002; image: torch.Size([57, 128, 128, 128])(torch.float32); pred: torch.Size([176, 176, 176])(torch.float32)
[2021-12-28 16:37:24,701] [743] [MainThread] [INFO] (monailabel.interfaces.utils.transform:98) - POST - Transform (ToNumpyd): Time: 0.0002; image: torch.Size([57, 128, 128, 128])(torch.float32); pred: (176, 176, 176)(float32)
[2021-12-28 16:37:24,711] [743] [MainThread] [INFO] (monailabel.interfaces.utils.transform:98) - POST - Transform (Restored): Time: 0.0001; image: torch.Size([57, 128, 128, 128])(torch.float32); pred: (176, 176, 176)(float32)
[2021-12-28 16:37:24,724] [743] [MainThread] [INFO] (monailabel.interfaces.tasks.infer:372) - Writing Result
[2021-12-28 16:37:24,725] [743] [MainThread] [INFO] (monailabel.transform.writer:88) - Result ext: .nii.gz
[2021-12-28 16:37:25,202] [743] [MainThread] [INFO] (monailabel.interfaces.tasks.infer:246) - ++ Latencies => Total: 12.8841; Pre: 2.8385; Inferer: 5.7479; Invert: 2.0190; Post: 1.8013; Write: 0.4774
[2021-12-28 16:37:25,202] [743] [MainThread] [INFO] (monailabel.interfaces.tasks.infer:260) - Result File: /tmp/tmpm8tzvqjy.nii.gz
[2021-12-28 16:37:25,203] [743] [MainThread] [INFO] (monailabel.interfaces.tasks.infer:261) - Result Json: {'label_names': {'LM01': 1, 'LM02': 2, 'LM03': 3, 'LM04': 4, 'LM05': 5, 'LM06': 6, 'LM07': 7, 'LM08': 8, 'LM09': 9, 'LM10': 10, 'LM11': 11, 'LM12': 12, 'LM13': 13, 'LM14': 14, 'LM15': 15, 'LM16': 16, 'LM17': 17, 'LM18': 18, 'LM19': 19, 'LM20': 20, 'LM21': 21, 'LM22': 22, 'LM23': 23, 'LM24': 24, 'LM25': 25, 'LM26': 26, 'LM27': 27, 'LM28': 28, 'LM29': 29, 'LM30': 30, 'LM31': 31, 'LM32': 32, 'LM33': 33, 'LM34': 34, 'LM35': 35, 'LM36': 36, 'LM37': 37, 'LM38': 38, 'LM39': 39, 'LM40': 40, 'LM41': 41, 'LM42': 42, 'LM43': 43, 'LM44': 44, 'LM45': 45, 'LM46': 46, 'LM47': 47, 'LM48': 48, 'LM49': 49, 'LM50': 50, 'LM51': 51, 'LM52': 52, 'LM53': 53, 'LM54': 54, 'LM55': 55, 'background': 0}}
[2021-12-28 16:37:25,207] [743] [MainThread] [INFO] (monailabel.datastore.local:443) - Saving Label for Image: 152-35__rec; Tag: original; Info: {'label_names': {'LM01': 1, 'LM02': 2, 'LM03': 3, 'LM04': 4, 'LM05': 5, 'LM06': 6, 'LM07': 7, 'LM08': 8, 'LM09': 9, 'LM10': 10, 'LM11': 11, 'LM12': 12, 'LM13': 13, 'LM14': 14, 'LM15': 15, 'LM16': 16, 'LM17': 17, 'LM18': 18, 'LM19': 19, 'LM20': 20, 'LM21': 21, 'LM22': 22, 'LM23': 23, 'LM24': 24, 'LM25': 25, 'LM26': 26, 'LM27': 27, 'LM28': 28, 'LM29': 29, 'LM30': 30, 'LM31': 31, 'LM32': 32, 'LM33': 33, 'LM34': 34, 'LM35': 35, 'LM36': 36, 'LM37': 37, 'LM38': 38, 'LM39': 39, 'LM40': 40, 'LM41': 41, 'LM42': 42, 'LM43': 43, 'LM44': 44, 'LM45': 45, 'LM46': 46, 'LM47': 47, 'LM48': 48, 'LM49': 49, 'LM50': 50, 'LM51': 51, 'LM52': 52, 'LM53': 53, 'LM54': 54, 'LM55': 55, 'background': 0}}
[2021-12-28 16:37:25,208] [743] [MainThread] [INFO] (monailabel.datastore.local:451) - Adding Label: 152-35__rec => original => /tmp/tmpm8tzvqjy.nii.gz
[2021-12-28 16:37:25,325] [743] [MainThread] [INFO] (monailabel.datastore.local:467) - Label Info: {'label_names': {'LM01': 1, 'LM02': 2, 'LM03': 3, 'LM04': 4, 'LM05': 5, 'LM06': 6, 'LM07': 7, 'LM08': 8, 'LM09': 9, 'LM10': 10, 'LM11': 11, 'LM12': 12, 'LM13': 13, 'LM14': 14, 'LM15': 15, 'LM16': 16, 'LM17': 17, 'LM18': 18, 'LM19': 19, 'LM20': 20, 'LM21': 21, 'LM22': 22, 'LM23': 23, 'LM24': 24, 'LM25': 25, 'LM26': 26, 'LM27': 27, 'LM28': 28, 'LM29': 29, 'LM30': 30, 'LM31': 31, 'LM32': 32, 'LM33': 33, 'LM34': 34, 'LM35': 35, 'LM36': 36, 'LM37': 37, 'LM38': 38, 'LM39': 39, 'LM40': 40, 'LM41': 41, 'LM42': 42, 'LM43': 43, 'LM44': 44, 'LM45': 45, 'LM46': 46, 'LM47': 47, 'LM48': 48, 'LM49': 49, 'LM50': 50, 'LM51': 51, 'LM52': 52, 'LM53': 53, 'LM54': 54, 'LM55': 55, 'background': 0}, 'ts': 1640709445, 'checksum': 'SHA256:7bbc0a928fdfae899098c21120bf429fc5dd864836953de55bebb455269d0765', 'name': '152-35__rec.nii.gz'}
[2021-12-28 16:37:25,791] [743] [Thread-1] [INFO] (monailabel.datastore.local:581) - Adding New Label: original => 152-35__rec => 152-35__rec.nii.gz
[2021-12-28 16:37:25,824] [743] [Thread-1] [INFO] (monailabel.datastore.local:534) - Invalidate count: 1
[2021-12-28 16:38:13,409] [743] [MainThread] [INFO] (monailabel.utils.async_tasks.utils:112) - Kill background task for train
[2021-12-28 16:38:13,410] [743] [MainThread] [INFO] (monailabel.utils.async_tasks.utils:121) - Kill:: Process pid is 1379
[2021-12-28 16:38:13,411] [743] [MainThread] [INFO] (monailabel.utils.async_tasks.utils:125) - Killed background process: 1379
[2021-12-28 16:38:14,252] [743] [ThreadPoolExecutor-4_0] [INFO] (monailabel.utils.async_tasks.utils:75) - Return code: -9
[2021-12-28 16:38:20,136] [743] [ThreadPoolExecutor-2_0] [INFO] (monailabel.utils.async_tasks.utils:75) - Return code: -2
